"../../../Engine/Content/EditorResources/S_Actor.ubulk" 0
"../../../Engine/Content/EditorResources/S_Actor.uasset" 1
"../../../Engine/Content/EditorResources/S_Actor.uexp" 2
"../../../Engine/Content/EditorResources/S_BoxReflectionCapture.uasset" 3
"../../../Engine/Content/EditorResources/S_BoxReflectionCapture.uexp" 4
"../../../Engine/Content/EngineResources/DefaultTexture.ubulk" 5
"../../../Engine/Content/EngineResources/DefaultTexture.uasset" 6
"../../../Engine/Content/EngineResources/DefaultTexture.uexp" 7
"../../../Engine/Content/EngineResources/DefaultTextureCube.uasset" 8
"../../../Engine/Content/EngineResources/DefaultTextureCube.uexp" 9
"../../../Engine/Content/EngineResources/DefaultVolumeTexture2D.uasset" 10
"../../../Engine/Content/EngineResources/DefaultVolumeTexture2D.uexp" 11
"../../../Engine/Content/EngineResources/DefaultVolumeTexture.uasset" 12
"../../../Engine/Content/EngineResources/DefaultVolumeTexture.uexp" 13
"../../../Engine/Content/EditorResources/S_Trigger.ubulk" 14
"../../../Engine/Content/EditorResources/S_Trigger.uasset" 15
"../../../Engine/Content/EditorResources/S_Trigger.uexp" 16
"../../../Engine/Content/EditorResources/S_TriggerBox.uasset" 17
"../../../Engine/Content/EditorResources/S_TriggerBox.uexp" 18
"../../../Engine/Content/EditorResources/S_TriggerCapsule.uasset" 19
"../../../Engine/Content/EditorResources/S_TriggerCapsule.uexp" 20
"../../../Engine/Content/EditorResources/S_TriggerSphere.uasset" 21
"../../../Engine/Content/EditorResources/S_TriggerSphere.uexp" 22
"../../../Engine/Content/EngineMeshes/Sphere.uasset" 23
"../../../Engine/Content/EngineMeshes/Sphere.uexp" 24
"../../../Engine/Content/EngineResources/GradientTexture0.uasset" 25
"../../../Engine/Content/EngineResources/GradientTexture0.uexp" 26
"../../../Engine/Content/EngineResources/Black.uasset" 27
"../../../Engine/Content/EngineResources/Black.uexp" 28
"../../../Engine/Content/VREditor/LaserPointer/VR_LaserPower_01.ubulk" 29
"../../../Engine/Content/VREditor/LaserPointer/VR_LaserPower_01.uasset" 30
"../../../Engine/Content/VREditor/LaserPointer/VR_LaserPower_01.uexp" 31
"../../../Engine/Content/VREditor/TransformGizmo/TransformGizmoMaterial.uasset" 32
"../../../Engine/Content/VREditor/TransformGizmo/TransformGizmoMaterial.uexp" 33
"../../../Engine/Content/VREditor/TransformGizmo/TranslucentTransformGizmoMaterial.uasset" 34
"../../../Engine/Content/VREditor/TransformGizmo/TranslucentTransformGizmoMaterial.uexp" 35
"../../../Engine/Content/VREditor/TransformGizmo/PlaneTranslationHandle.uasset" 36
"../../../Engine/Content/VREditor/TransformGizmo/PlaneTranslationHandle.uexp" 37
"../../../Engine/Content/VREditor/TransformGizmo/BoundingBoxCorner.uasset" 38
"../../../Engine/Content/VREditor/TransformGizmo/BoundingBoxCorner.uexp" 39
"../../../Engine/Content/VREditor/TransformGizmo/BoundingBoxEdge.uasset" 40
"../../../Engine/Content/VREditor/TransformGizmo/BoundingBoxEdge.uexp" 41
"../../../Engine/Content/VREditor/TransformGizmo/Main.uasset" 42
"../../../Engine/Content/VREditor/TransformGizmo/Main.uexp" 43
"../../../Engine/Content/VREditor/TransformGizmo/Xray.uasset" 44
"../../../Engine/Content/VREditor/TransformGizmo/Xray.uexp" 45
"../../../Engine/Content/VREditor/TransformGizmo/SM_Sequencer_Node.uasset" 46
"../../../Engine/Content/VREditor/TransformGizmo/SM_Sequencer_Node.uexp" 47
"../../../Engine/Content/EditorMaterials/Camera/CineMat.uasset" 48
"../../../Engine/Content/EditorMaterials/Camera/CineMat.uexp" 49
"../../../Engine/Content/EditorMaterials/Camera/MI_CineMat_Rig.uasset" 50
"../../../Engine/Content/EditorMaterials/Camera/MI_CineMat_Rig.uexp" 51
"../../../Engine/Content/EditorMeshes/Camera/SM_CraneRig_Base.uasset" 52
"../../../Engine/Content/EditorMeshes/Camera/SM_CraneRig_Base.uexp" 53
"../../../Engine/Content/EditorMeshes/Camera/SM_CraneRig_Arm.uasset" 54
"../../../Engine/Content/EditorMeshes/Camera/SM_CraneRig_Arm.uexp" 55
"../../../Engine/Content/EditorMeshes/Camera/SM_CraneRig_Mount.uasset" 56
"../../../Engine/Content/EditorMeshes/Camera/SM_CraneRig_Mount.uexp" 57
"../../../Engine/Content/EditorMeshes/Camera/SM_CraneRig_Body.uasset" 58
"../../../Engine/Content/EditorMeshes/Camera/SM_CraneRig_Body.uexp" 59
"../../../Engine/Content/EditorMeshes/Camera/SM_RailRig_Track.uasset" 60
"../../../Engine/Content/EditorMeshes/Camera/SM_RailRig_Track.uexp" 61
"../../../Engine/Content/EditorMeshes/Camera/SM_RailRig_Mount.uasset" 62
"../../../Engine/Content/EditorMeshes/Camera/SM_RailRig_Mount.uexp" 63
"../../../Engine/Content/EngineMaterials/T_Default_Material_Grid_M.ubulk" 64
"../../../Engine/Content/EngineMaterials/T_Default_Material_Grid_M.uasset" 65
"../../../Engine/Content/EngineMaterials/T_Default_Material_Grid_M.uexp" 66
"../../../Engine/Content/EngineMaterials/T_Default_Material_Grid_N.ubulk" 67
"../../../Engine/Content/EngineMaterials/T_Default_Material_Grid_N.uasset" 68
"../../../Engine/Content/EngineMaterials/T_Default_Material_Grid_N.uexp" 69
"../../../Engine/Content/Functions/Engine_MaterialFunctions01/Opacity/CameraDepthFade.uasset" 70
"../../../Engine/Content/Functions/Engine_MaterialFunctions01/Opacity/CameraDepthFade.uexp" 71
"../../../Engine/Content/EngineMaterials/WorldGridMaterial.uasset" 72
"../../../Engine/Content/EngineMaterials/WorldGridMaterial.uexp" 73
"../../../Engine/Content/ArtTools/RenderToTexture/Meshes/S_1_Unit_Plane.uasset" 74
"../../../Engine/Content/ArtTools/RenderToTexture/Meshes/S_1_Unit_Plane.uexp" 75
"../../../Engine/Content/EditorMaterials/ParticleSystems/PSysThumbnail_NoImage.ubulk" 76
"../../../Engine/Content/EditorMaterials/ParticleSystems/PSysThumbnail_NoImage.uasset" 77
"../../../Engine/Content/EditorMaterials/ParticleSystems/PSysThumbnail_NoImage.uexp" 78
"../../../Engine/Content/EditorMaterials/ParticleSystems/PSysThumbnail_OOD.ubulk" 79
"../../../Engine/Content/EditorMaterials/ParticleSystems/PSysThumbnail_OOD.uasset" 80
"../../../Engine/Content/EditorMaterials/ParticleSystems/PSysThumbnail_OOD.uexp" 81
"../../../Engine/Content/EditorLandscapeResources/SplineEditorMeshMat.uasset" 82
"../../../Engine/Content/EditorLandscapeResources/SplineEditorMeshMat.uexp" 83
"../../../Engine/Content/EditorLandscapeResources/SplineEditorMesh.uasset" 84
"../../../Engine/Content/EditorLandscapeResources/SplineEditorMesh.uexp" 85
"../../../Engine/Content/EditorResources/S_Solver.ubulk" 86
"../../../Engine/Content/EditorResources/S_Solver.uasset" 87
"../../../Engine/Content/EditorResources/S_Solver.uexp" 88
"../../../Engine/Content/EngineMaterials/DefaultMaterial.uasset" 89
"../../../Engine/Content/EngineMaterials/DefaultMaterial.uexp" 90
"../../../Engine/Content/EngineMeshes/Cylinder.uasset" 91
"../../../Engine/Content/EngineMeshes/Cylinder.uexp" 92
"../../../Engine/Plugins/Media/MediaPlate/Content/SM_MediaPlateScreen.uasset" 93
"../../../Engine/Plugins/Media/MediaPlate/Content/SM_MediaPlateScreen.uexp" 94
"../../../Engine/Content/EngineMaterials/Good64x64TilingNoiseHighFreq.uasset" 95
"../../../Engine/Content/EngineMaterials/Good64x64TilingNoiseHighFreq.uexp" 96
"../../../Engine/Content/EngineMaterials/DefaultBokeh.uasset" 97
"../../../Engine/Content/EngineMaterials/DefaultBokeh.uexp" 98
"../../../Engine/Content/EngineMaterials/PreintegratedSkinBRDF.uasset" 99
"../../../Engine/Content/EngineMaterials/PreintegratedSkinBRDF.uexp" 100
"../../../Engine/Content/EngineMaterials/MiniFont.uasset" 101
"../../../Engine/Content/EngineMaterials/MiniFont.uexp" 102
"../../../Engine/Content/EngineMaterials/WeightMapPlaceholderTexture.uasset" 103
"../../../Engine/Content/EngineMaterials/WeightMapPlaceholderTexture.uexp" 104
"../../../Engine/Content/EngineMaterials/DefaultWhiteGrid.ubulk" 105
"../../../Engine/Content/EngineMaterials/DefaultWhiteGrid.uasset" 106
"../../../Engine/Content/EngineMaterials/DefaultWhiteGrid.uexp" 107
"../../../Engine/Content/Animation/DefaultRecorderBoneCompression.uasset" 108
"../../../Engine/Content/Animation/DefaultRecorderBoneCompression.uexp" 109
"../../../Engine/Content/Animation/DefaultAnimCurveCompressionSettings.uasset" 110
"../../../Engine/Content/Animation/DefaultAnimCurveCompressionSettings.uexp" 111
"../../../Engine/Content/Animation/DefaultAnimBoneCompressionSettings.uasset" 112
"../../../Engine/Content/Animation/DefaultAnimBoneCompressionSettings.uexp" 113
"../../../Engine/Content/BasicShapes/Sphere.uasset" 114
"../../../Engine/Content/BasicShapes/Sphere.uexp" 115
"../../../Engine/Content/BasicShapes/Plane.uasset" 116
"../../../Engine/Content/BasicShapes/Plane.uexp" 117
"../../../Engine/Content/BasicShapes/Cylinder.uasset" 118
"../../../Engine/Content/BasicShapes/Cylinder.uexp" 119
"../../../Engine/Content/BasicShapes/Cone.uasset" 120
"../../../Engine/Content/BasicShapes/Cone.uexp" 121
"../../../Engine/Content/EditorLandscapeResources/DefaultAlphaTexture.uasset" 122
"../../../Engine/Content/EditorLandscapeResources/DefaultAlphaTexture.uexp" 123
"../../../Engine/Content/EditorLandscapeResources/DataLayer.uasset" 124
"../../../Engine/Content/EditorLandscapeResources/DataLayer.uexp" 125
"../../../Engine/Content/EditorMaterials/PreviewShadowIndicator.ubulk" 126
"../../../Engine/Content/EditorMaterials/PreviewShadowIndicator.uasset" 127
"../../../Engine/Content/EditorMaterials/PreviewShadowIndicator.uexp" 128
"../../../Engine/Content/EditorMaterials/PreviewShadowIndicatorMaterial.uasset" 129
"../../../Engine/Content/EditorMaterials/PreviewShadowIndicatorMaterial.uexp" 130
"../../../Engine/Content/EditorMaterials/PhAT_UnselectedMaterial.uasset" 131
"../../../Engine/Content/EditorMaterials/PhAT_UnselectedMaterial.uexp" 132
"../../../Engine/Content/EditorMaterials/PhAT_NoCollisionMaterial.uasset" 133
"../../../Engine/Content/EditorMaterials/PhAT_NoCollisionMaterial.uexp" 134
"../../../Engine/Content/Functions/Engine_MaterialFunctions02/Utility/MakeFloat4.uasset" 135
"../../../Engine/Content/Functions/Engine_MaterialFunctions02/Utility/MakeFloat4.uexp" 136
"../../../Engine/Content/Functions/Engine_MaterialFunctions02/Utility/MakeFloat3.uasset" 137
"../../../Engine/Content/Functions/Engine_MaterialFunctions02/Utility/MakeFloat3.uexp" 138
"../../../Engine/Content/Functions/Engine_MaterialFunctions02/Utility/BreakOutFloat3Components.uasset" 139
"../../../Engine/Content/Functions/Engine_MaterialFunctions02/Utility/BreakOutFloat3Components.uexp" 140
"../../../Engine/Content/EditorMaterials/WorldPartition/WorldPartitionSpatialHashGridPreviewMaterial.uasset" 141
"../../../Engine/Content/EditorMaterials/WorldPartition/WorldPartitionSpatialHashGridPreviewMaterial.uexp" 142
"../../../Engine/Content/EditorResources/S_Terrain.ubulk" 143
"../../../Engine/Content/EditorResources/S_Terrain.uasset" 144
"../../../Engine/Content/EditorResources/S_Terrain.uexp" 145
"../../../Engine/Content/EditorResources/EmptyActor.uasset" 146
"../../../Engine/Content/EditorResources/EmptyActor.uexp" 147
"../../../Engine/Content/EditorResources/BSPVertex.uasset" 148
"../../../Engine/Content/EditorResources/BSPVertex.uexp" 149
"../../../Engine/Content/EditorResources/SequenceRecorder/RecordingIndicator.uasset" 150
"../../../Engine/Content/EditorResources/SequenceRecorder/RecordingIndicator.uexp" 151
"../../../Engine/Content/EditorResources/SequenceRecorder/Countdown.uasset" 152
"../../../Engine/Content/EditorResources/SequenceRecorder/Countdown.uexp" 153
"../../../Engine/Content/EngineDamageTypes/DmgTypeBP_Environmental.uasset" 154
"../../../Engine/Content/EngineDamageTypes/DmgTypeBP_Environmental.uexp" 155
"../../../Engine/Content/Functions/Engine_MaterialFunctions02/Utility/CameraDirectionVector.uasset" 156
"../../../Engine/Content/Functions/Engine_MaterialFunctions02/Utility/CameraDirectionVector.uexp" 157
"../../../Engine/Content/EngineDebugMaterials/VolumeToRender.uasset" 158
"../../../Engine/Content/EngineDebugMaterials/VolumeToRender.uexp" 159
"../../../Engine/Content/EngineDebugMaterials/M_VolumeRenderSphereTracePP.uasset" 160
"../../../Engine/Content/EngineDebugMaterials/M_VolumeRenderSphereTracePP.uexp" 161
"../../../Engine/Content/EngineDebugMaterials/M_SimpleUnlitTranslucent.uasset" 162
"../../../Engine/Content/EngineDebugMaterials/M_SimpleUnlitTranslucent.uexp" 163
"../../../Engine/Content/EngineDebugMaterials/DebugMeshMaterial.uasset" 164
"../../../Engine/Content/EngineDebugMaterials/DebugMeshMaterial.uexp" 165
"../../../Engine/Content/EngineDebugMaterials/DebugEditorMaterial.uasset" 166
"../../../Engine/Content/EngineDebugMaterials/DebugEditorMaterial.uexp" 167
"../../../Engine/Content/EngineFonts/Faces/RobotoLight.uexp" 168
"../../../Engine/Content/EngineFonts/Faces/RobotoLight.uasset" 169
"../../../Engine/Content/EngineFonts/Faces/RobotoLight.ufont" 170
"../../../Engine/Content/EngineFonts/Faces/RobotoBold.uexp" 171
"../../../Engine/Content/EngineFonts/Faces/RobotoBold.uasset" 172
"../../../Engine/Content/EngineFonts/Faces/RobotoBold.ufont" 173
"../../../Engine/Content/EngineFonts/Faces/RobotoRegular.uexp" 174
"../../../Engine/Content/EngineFonts/Faces/RobotoRegular.uasset" 175
"../../../Engine/Content/EngineFonts/Faces/RobotoRegular.ufont" 176
"../../../Engine/Content/EngineFonts/Faces/DroidSansFallback.uexp" 177
"../../../Engine/Content/EngineFonts/Faces/DroidSansFallback.uasset" 178
"../../../Engine/Content/EngineFonts/Faces/DroidSansFallback.ufont" 179
"../../../Engine/Content/EngineFonts/Faces/RobotoItalic.uexp" 180
"../../../Engine/Content/EngineFonts/Faces/RobotoItalic.uasset" 181
"../../../Engine/Content/EngineFonts/Faces/RobotoItalic.ufont" 182
"../../../Engine/Content/EngineFonts/Faces/RobotoBoldItalic.uexp" 183
"../../../Engine/Content/EngineFonts/Faces/RobotoBoldItalic.uasset" 184
"../../../Engine/Content/EngineFonts/Faces/RobotoBoldItalic.ufont" 185
"../../../Engine/Content/EngineFonts/Roboto.uasset" 186
"../../../Engine/Content/EngineFonts/Roboto.uexp" 187
"../../../Engine/Content/EngineResources/WhiteSquareTexture.uasset" 188
"../../../Engine/Content/EngineResources/WhiteSquareTexture.uexp" 189
"../../../Engine/Content/EngineMaterials/Widget3DPassThrough.uasset" 190
"../../../Engine/Content/EngineMaterials/Widget3DPassThrough.uexp" 191
"../../../Engine/Content/EngineMaterials/Widget3DPassThrough_Translucent.uasset" 192
"../../../Engine/Content/EngineMaterials/Widget3DPassThrough_Translucent.uexp" 193
"../../../Engine/Content/EngineMaterials/Widget3DPassThrough_Translucent_OneSided.uasset" 194
"../../../Engine/Content/EngineMaterials/Widget3DPassThrough_Translucent_OneSided.uexp" 195
"../../../Engine/Content/EngineMaterials/Widget3DPassThrough_Opaque.uasset" 196
"../../../Engine/Content/EngineMaterials/Widget3DPassThrough_Opaque.uexp" 197
"../../../Engine/Content/EngineMaterials/Widget3DPassThrough_Opaque_OneSided.uasset" 198
"../../../Engine/Content/EngineMaterials/Widget3DPassThrough_Opaque_OneSided.uexp" 199
"../../../Engine/Content/EngineMaterials/Widget3DPassThrough_Masked_OneSided.uasset" 200
"../../../Engine/Content/EngineMaterials/Widget3DPassThrough_Masked_OneSided.uexp" 201
"../../../Engine/Content/EngineMaterials/Widget3DPassThrough_Masked.uasset" 202
"../../../Engine/Content/EngineMaterials/Widget3DPassThrough_Masked.uexp" 203
"../../../Engine/Content/EngineMaterials/STBlueNoise_vec2_128x128x64.uasset" 204
"../../../Engine/Content/EngineMaterials/STBlueNoise_vec2_128x128x64.uexp" 205
"../../../Engine/Content/EngineMaterials/STBlueNoise_scalar_128x128x64.uasset" 206
"../../../Engine/Content/EngineMaterials/STBlueNoise_scalar_128x128x64.uexp" 207
"../../../Engine/Content/EngineMaterials/RemoveSurfaceMaterial.uasset" 208
"../../../Engine/Content/EngineMaterials/RemoveSurfaceMaterial.uexp" 209
"../../../Engine/Content/EngineMaterials/DefaultCalibrationGrayscale.uasset" 210
"../../../Engine/Content/EngineMaterials/DefaultCalibrationGrayscale.uexp" 211
"../../../Engine/Content/EngineMaterials/PPM_DefaultCalibrationGrayscale.uasset" 212
"../../../Engine/Content/EngineMaterials/PPM_DefaultCalibrationGrayscale.uexp" 213
"../../../Engine/Content/EngineMaterials/DefaultCalibrationColor.uasset" 214
"../../../Engine/Content/EngineMaterials/DefaultCalibrationColor.uexp" 215
"../../../Engine/Content/EngineMaterials/PPM_DefaultCalibrationColor.uasset" 216
"../../../Engine/Content/EngineMaterials/PPM_DefaultCalibrationColor.uexp" 217
"../../../Engine/Content/Functions/Engine_MaterialFunctions02/WorldPositionOffset/CameraOffset.uasset" 218
"../../../Engine/Content/Functions/Engine_MaterialFunctions02/WorldPositionOffset/CameraOffset.uexp" 219
"../../../Engine/Content/EngineMaterials/PhAT_JointLimitMaterial.uasset" 220
"../../../Engine/Content/EngineMaterials/PhAT_JointLimitMaterial.uexp" 221
"../../../Engine/Content/EngineMaterials/InvalidLightmapSettings.ubulk" 222
"../../../Engine/Content/EngineMaterials/InvalidLightmapSettings.uasset" 223
"../../../Engine/Content/EngineMaterials/InvalidLightmapSettings.uexp" 224
"../../../Engine/Content/EngineMaterials/M_InvalidLightmapSettings.uasset" 225
"../../../Engine/Content/EngineMaterials/M_InvalidLightmapSettings.uexp" 226
"../../../Engine/Content/EngineMaterials/GizmoMaterial.uasset" 227
"../../../Engine/Content/EngineMaterials/GizmoMaterial.uexp" 228
"../../../Engine/Content/EngineMaterials/BaseFlattenEmissiveMap_VT.uasset" 229
"../../../Engine/Content/EngineMaterials/BaseFlattenEmissiveMap_VT.uexp" 230
"../../../Engine/Content/EngineMaterials/BaseFlattenGrayscaleMap_VT.uasset" 231
"../../../Engine/Content/EngineMaterials/BaseFlattenGrayscaleMap_VT.uexp" 232
"../../../Engine/Content/EngineMaterials/BaseFlattenLinearColor_VT.uasset" 233
"../../../Engine/Content/EngineMaterials/BaseFlattenLinearColor_VT.uexp" 234
"../../../Engine/Content/EngineMaterials/Black_1x1_EXR_Texture_VT.uasset" 235
"../../../Engine/Content/EngineMaterials/Black_1x1_EXR_Texture_VT.uexp" 236
"../../../Engine/Content/EngineMaterials/BaseFlattenDiffuseMap_VT.uasset" 237
"../../../Engine/Content/EngineMaterials/BaseFlattenDiffuseMap_VT.uexp" 238
"../../../Engine/Content/EngineMaterials/BaseFlattenNormalMap_VT.uasset" 239
"../../../Engine/Content/EngineMaterials/BaseFlattenNormalMap_VT.uexp" 240
"../../../Engine/Content/EngineMaterials/FlattenMaterial_WS_Normal_VT.uasset" 241
"../../../Engine/Content/EngineMaterials/FlattenMaterial_WS_Normal_VT.uexp" 242
"../../../Engine/Content/EngineMaterials/FlattenMaterial_VT.uasset" 243
"../../../Engine/Content/EngineMaterials/FlattenMaterial_VT.uexp" 244
"../../../Engine/Content/EngineMaterials/BaseFlattenNormalMap.uasset" 245
"../../../Engine/Content/EngineMaterials/BaseFlattenNormalMap.uexp" 246
"../../../Engine/Content/EngineMaterials/BaseFlattenGrayscaleMap.uasset" 247
"../../../Engine/Content/EngineMaterials/BaseFlattenGrayscaleMap.uexp" 248
"../../../Engine/Content/EngineMaterials/BaseFlattenDiffuseMap.uasset" 249
"../../../Engine/Content/EngineMaterials/BaseFlattenDiffuseMap.uexp" 250
"../../../Engine/Content/Functions/Engine_MaterialFunctions02/PivotPainter2/Black_1x1_EXR_Texture.uasset" 251
"../../../Engine/Content/Functions/Engine_MaterialFunctions02/PivotPainter2/Black_1x1_EXR_Texture.uexp" 252
"../../../Engine/Content/EngineMaterials/BaseFlattenEmissiveMap.uasset" 253
"../../../Engine/Content/EngineMaterials/BaseFlattenEmissiveMap.uexp" 254
"../../../Engine/Content/EngineMaterials/BaseFlattenLinearColor.uasset" 255
"../../../Engine/Content/EngineMaterials/BaseFlattenLinearColor.uexp" 256
"../../../Engine/Content/EngineMaterials/FlattenMaterial.uasset" 257
"../../../Engine/Content/EngineMaterials/FlattenMaterial.uexp" 258
"../../../Engine/Content/EngineMaterials/DefaultWhiteGrid_Low.uasset" 259
"../../../Engine/Content/EngineMaterials/DefaultWhiteGrid_Low.uexp" 260
"../../../Engine/Content/EngineMaterials/EmissiveMeshMaterial.uasset" 261
"../../../Engine/Content/EngineMaterials/EmissiveMeshMaterial.uexp" 262
"../../../Engine/Content/EngineFonts/RobotoDistanceField.uasset" 263
"../../../Engine/Content/EngineFonts/RobotoDistanceField.uexp" 264
"../../../Engine/Content/EngineMaterials/DefaultTextMaterialOpaque.uasset" 265
"../../../Engine/Content/EngineMaterials/DefaultTextMaterialOpaque.uexp" 266
"../../../Engine/Content/EngineMaterials/DefaultDiffuse.ubulk" 267
"../../../Engine/Content/EngineMaterials/DefaultDiffuse.uasset" 268
"../../../Engine/Content/EngineMaterials/DefaultDiffuse.uexp" 269
"../../../Engine/Content/Functions/Engine_MaterialFunctions02/Utility/BreakOutFloat2Components.uasset" 270
"../../../Engine/Content/Functions/Engine_MaterialFunctions02/Utility/BreakOutFloat2Components.uexp" 271
"../../../Engine/Content/EngineMaterials/DefaultPostProcessMaterial.uasset" 272
"../../../Engine/Content/EngineMaterials/DefaultPostProcessMaterial.uexp" 273
"../../../Engine/Content/EngineMaterials/DefaultPhysicalMaterial.uasset" 274
"../../../Engine/Content/EngineMaterials/DefaultPhysicalMaterial.uexp" 275
"../../../Engine/Content/EngineMaterials/DefaultLightFunctionMaterial.uasset" 276
"../../../Engine/Content/EngineMaterials/DefaultLightFunctionMaterial.uexp" 277
"../../../Engine/Content/EngineMaterials/DefaultDestructiblePhysicalMaterial.uasset" 278
"../../../Engine/Content/EngineMaterials/DefaultDestructiblePhysicalMaterial.uexp" 279
"../../../Engine/Content/EngineMaterials/DefaultDeferredDecalMaterial.uasset" 280
"../../../Engine/Content/EngineMaterials/DefaultDeferredDecalMaterial.uexp" 281
"../../../Engine/Content/EngineMaterials/DefaultBloomKernel.uasset" 282
"../../../Engine/Content/EngineMaterials/DefaultBloomKernel.uexp" 283
"../../../Engine/Content/EngineResources/FilmGrains/Marcie_Grain_v3_128_M2_000.uasset" 284
"../../../Engine/Content/EngineResources/FilmGrains/Marcie_Grain_v3_128_M2_000.uexp" 285
"../../../Engine/Content/EngineSky/T_Sky_Stars.ubulk" 286
"../../../Engine/Content/EngineSky/T_Sky_Stars.uasset" 287
"../../../Engine/Content/EngineSky/T_Sky_Stars.uexp" 288
"../../../Engine/Content/EngineSky/T_Sky_Clouds_M.ubulk" 289
"../../../Engine/Content/EngineSky/T_Sky_Clouds_M.uasset" 290
"../../../Engine/Content/EngineSky/T_Sky_Clouds_M.uexp" 291
"../../../Engine/Content/EngineSky/T_Sky_Blue.ubulk" 292
"../../../Engine/Content/EngineSky/T_Sky_Blue.uasset" 293
"../../../Engine/Content/EngineSky/T_Sky_Blue.uexp" 294
"../../../Engine/Content/EngineSky/M_Sky_Panning_Clouds2.uasset" 295
"../../../Engine/Content/EngineSky/M_Sky_Panning_Clouds2.uexp" 296
"../../../Engine/Content/EngineSky/SM_SkySphere.uasset" 297
"../../../Engine/Content/EngineSky/SM_SkySphere.uexp" 298
"../../../Engine/Content/EngineSky/M_SimpleSkyDome.uasset" 299
"../../../Engine/Content/EngineSky/M_SimpleSkyDome.uexp" 300
"../../../Engine/Content/EngineSky/VolumetricClouds/CloudWeatherTexture.uasset" 301
"../../../Engine/Content/EngineSky/VolumetricClouds/CloudWeatherTexture.uexp" 302
"../../../Engine/Content/Functions/Engine_MaterialFunctions02/Utility/MakeFloat2.uasset" 303
"../../../Engine/Content/Functions/Engine_MaterialFunctions02/Utility/MakeFloat2.uexp" 304
"../../../Engine/Content/EngineSky/VolumetricClouds/CloudGradientTexture.uasset" 305
"../../../Engine/Content/EngineSky/VolumetricClouds/CloudGradientTexture.uexp" 306
"../../../Engine/Content/EngineSky/VolumetricClouds/T_NoiseShape64.ubulk" 307
"../../../Engine/Content/EngineSky/VolumetricClouds/T_NoiseShape64.uasset" 308
"../../../Engine/Content/EngineSky/VolumetricClouds/T_NoiseShape64.uexp" 309
"../../../Engine/Content/EngineSky/VolumetricClouds/T_VolumeNoiseShape64.uasset" 310
"../../../Engine/Content/EngineSky/VolumetricClouds/T_VolumeNoiseShape64.uexp" 311
"../../../Engine/Content/EngineSky/VolumetricClouds/T_NoiseErosion.ubulk" 312
"../../../Engine/Content/EngineSky/VolumetricClouds/T_NoiseErosion.uasset" 313
"../../../Engine/Content/EngineSky/VolumetricClouds/T_NoiseErosion.uexp" 314
"../../../Engine/Content/EngineSky/VolumetricClouds/T_VolumeNoiseErosion32.uasset" 315
"../../../Engine/Content/EngineSky/VolumetricClouds/T_VolumeNoiseErosion32.uexp" 316
"../../../Engine/Content/EngineSky/VolumetricClouds/m_SimpleVolumetricCloud.uasset" 317
"../../../Engine/Content/EngineSky/VolumetricClouds/m_SimpleVolumetricCloud.uexp" 318
"../../../Engine/Content/EngineSky/VolumetricClouds/m_SimpleVolumetricCloud_Inst.uasset" 319
"../../../Engine/Content/EngineSky/VolumetricClouds/m_SimpleVolumetricCloud_Inst.uexp" 320
"../../../Engine/Content/EngineSounds/Master.uasset" 321
"../../../Engine/Content/EngineSounds/Master.uexp" 322
"../../../Engine/Content/Functions/Engine_MaterialFunctions01/Shading/PowerToRoughness.uasset" 323
"../../../Engine/Content/Functions/Engine_MaterialFunctions01/Shading/PowerToRoughness.uexp" 324
"../../../Engine/Content/Maps/Templates/HLODs/HLODLayer_Merged.uasset" 325
"../../../Engine/Content/Maps/Templates/HLODs/HLODLayer_Merged.uexp" 326
"../../../Engine/Content/MobileResources/HUD/VirtualJoystick_Background.uasset" 327
"../../../Engine/Content/MobileResources/HUD/VirtualJoystick_Background.uexp" 328
"../../../Engine/Content/MobileResources/HUD/VirtualJoystick_Thumb.uasset" 329
"../../../Engine/Content/MobileResources/HUD/VirtualJoystick_Thumb.uexp" 330
"../../../Engine/Content/MobileResources/HUD/DefaultVirtualJoysticks.uasset" 331
"../../../Engine/Content/MobileResources/HUD/DefaultVirtualJoysticks.uexp" 332
"../../../Engine/Plugins/2D/Paper2D/Content/PlaceholderTextures/DummySpriteTexture.ubulk" 333
"../../../Engine/Plugins/2D/Paper2D/Content/PlaceholderTextures/DummySpriteTexture.uasset" 334
"../../../Engine/Plugins/2D/Paper2D/Content/PlaceholderTextures/DummySpriteTexture.uexp" 335
"../../../Engine/Plugins/2D/Paper2D/Content/DefaultSpriteMaterial.uasset" 336
"../../../Engine/Plugins/2D/Paper2D/Content/DefaultSpriteMaterial.uexp" 337
"../../../Engine/Plugins/2D/Paper2D/Content/OpaqueUnlitSpriteMaterial.uasset" 338
"../../../Engine/Plugins/2D/Paper2D/Content/OpaqueUnlitSpriteMaterial.uexp" 339
"../../../Engine/Plugins/2D/Paper2D/Content/MaskedUnlitSpriteMaterial.uasset" 340
"../../../Engine/Plugins/2D/Paper2D/Content/MaskedUnlitSpriteMaterial.uexp" 341
"../../../Engine/Plugins/2D/Paper2D/Content/DummySprite.uasset" 342
"../../../Engine/Plugins/2D/Paper2D/Content/DummySprite.uexp" 343
"../../../Engine/Plugins/2D/Paper2D/Content/DefaultPaperTerrainMaterial.uasset" 344
"../../../Engine/Plugins/2D/Paper2D/Content/DefaultPaperTerrainMaterial.uexp" 345
"../../../Engine/Plugins/Animation/ControlRig/Content/M_Manip.uasset" 346
"../../../Engine/Plugins/Animation/ControlRig/Content/M_Manip.uexp" 347
"../../../Engine/Plugins/Animation/ControlRig/Content/Controls/ControlRig_Wedge_solid.uasset" 348
"../../../Engine/Plugins/Animation/ControlRig/Content/Controls/ControlRig_Wedge_solid.uexp" 349
"../../../Engine/Plugins/Animation/ControlRig/Content/Controls/ControlRig_Wedge_3mm.uasset" 350
"../../../Engine/Plugins/Animation/ControlRig/Content/Controls/ControlRig_Wedge_3mm.uexp" 351
"../../../Engine/Plugins/Animation/ControlRig/Content/Controls/ControlRig_Wedge_1mm.uasset" 352
"../../../Engine/Plugins/Animation/ControlRig/Content/Controls/ControlRig_Wedge_1mm.uexp" 353
"../../../Engine/Plugins/Animation/ControlRig/Content/Controls/ControlRig_Triangle_solid.uasset" 354
"../../../Engine/Plugins/Animation/ControlRig/Content/Controls/ControlRig_Triangle_solid.uexp" 355
"../../../Engine/Plugins/Animation/ControlRig/Content/Controls/ControlRig_Triangle_3mm.uasset" 356
"../../../Engine/Plugins/Animation/ControlRig/Content/Controls/ControlRig_Triangle_3mm.uexp" 357
"../../../Engine/Plugins/Animation/ControlRig/Content/Controls/ControlRig_Triangle_1mm.uasset" 358
"../../../Engine/Plugins/Animation/ControlRig/Content/Controls/ControlRig_Triangle_1mm.uexp" 359
"../../../Engine/Plugins/Animation/ControlRig/Content/Controls/ControlRig_Star4_solid.uasset" 360
"../../../Engine/Plugins/Animation/ControlRig/Content/Controls/ControlRig_Star4_solid.uexp" 361
"../../../Engine/Plugins/Animation/ControlRig/Content/Controls/ControlRig_Star4_3mm.uasset" 362
"../../../Engine/Plugins/Animation/ControlRig/Content/Controls/ControlRig_Star4_3mm.uexp" 363
"../../../Engine/Plugins/Animation/ControlRig/Content/Controls/ControlRig_Star4_1mm.uasset" 364
"../../../Engine/Plugins/Animation/ControlRig/Content/Controls/ControlRig_Star4_1mm.uexp" 365
"../../../Engine/Plugins/Animation/ControlRig/Content/Controls/ControlRig_Square_solid.uasset" 366
"../../../Engine/Plugins/Animation/ControlRig/Content/Controls/ControlRig_Square_solid.uexp" 367
"../../../Engine/Plugins/Animation/ControlRig/Content/Controls/ControlRig_Square_3mm.uasset" 368
"../../../Engine/Plugins/Animation/ControlRig/Content/Controls/ControlRig_Square_3mm.uexp" 369
"../../../Engine/Plugins/Animation/ControlRig/Content/Controls/ControlRig_Square_1mm.uasset" 370
"../../../Engine/Plugins/Animation/ControlRig/Content/Controls/ControlRig_Square_1mm.uexp" 371
"../../../Engine/Plugins/Animation/ControlRig/Content/Controls/ControlRig_Sphere_solid.uasset" 372
"../../../Engine/Plugins/Animation/ControlRig/Content/Controls/ControlRig_Sphere_solid.uexp" 373
"../../../Engine/Plugins/Animation/ControlRig/Content/Controls/ControlRig_Sphere_3mm.uasset" 374
"../../../Engine/Plugins/Animation/ControlRig/Content/Controls/ControlRig_Sphere_3mm.uexp" 375
"../../../Engine/Plugins/Animation/ControlRig/Content/Controls/ControlRig_Sphere_1mm.uasset" 376
"../../../Engine/Plugins/Animation/ControlRig/Content/Controls/ControlRig_Sphere_1mm.uexp" 377
"../../../Engine/Plugins/Animation/ControlRig/Content/Controls/ControlRig_RoundedTriangle_solid.uasset" 378
"../../../Engine/Plugins/Animation/ControlRig/Content/Controls/ControlRig_RoundedTriangle_solid.uexp" 379
"../../../Engine/Plugins/Animation/ControlRig/Content/Controls/ControlRig_RoundedTriangle_3mm.uasset" 380
"../../../Engine/Plugins/Animation/ControlRig/Content/Controls/ControlRig_RoundedTriangle_3mm.uexp" 381
"../../../Engine/Plugins/Animation/ControlRig/Content/Controls/ControlRig_RoundedTriangle_1mm.uasset" 382
"../../../Engine/Plugins/Animation/ControlRig/Content/Controls/ControlRig_RoundedTriangle_1mm.uexp" 383
"../../../Engine/Plugins/Animation/ControlRig/Content/Controls/ControlRig_RoundedSquare_solid.uasset" 384
"../../../Engine/Plugins/Animation/ControlRig/Content/Controls/ControlRig_RoundedSquare_solid.uexp" 385
"../../../Engine/Plugins/Animation/ControlRig/Content/Controls/ControlRig_RoundedSquare_3mm.uasset" 386
"../../../Engine/Plugins/Animation/ControlRig/Content/Controls/ControlRig_RoundedSquare_3mm.uexp" 387
"../../../Engine/Plugins/Animation/ControlRig/Content/Controls/ControlRig_RoundedSquare_1mm.uasset" 388
"../../../Engine/Plugins/Animation/ControlRig/Content/Controls/ControlRig_RoundedSquare_1mm.uexp" 389
"../../../Engine/Plugins/Animation/ControlRig/Content/Controls/ControlRig_QuarterCircle_solid.uasset" 390
"../../../Engine/Plugins/Animation/ControlRig/Content/Controls/ControlRig_QuarterCircle_solid.uexp" 391
"../../../Engine/Plugins/Animation/ControlRig/Content/Controls/ControlRig_QuarterCircle_3mm.uasset" 392
"../../../Engine/Plugins/Animation/ControlRig/Content/Controls/ControlRig_QuarterCircle_3mm.uexp" 393
"../../../Engine/Plugins/Animation/ControlRig/Content/Controls/ControlRig_QuarterCircle_1mm.uasset" 394
"../../../Engine/Plugins/Animation/ControlRig/Content/Controls/ControlRig_QuarterCircle_1mm.uexp" 395
"../../../Engine/Plugins/Animation/ControlRig/Content/Controls/ControlRig_Pyramid_solid.uasset" 396
"../../../Engine/Plugins/Animation/ControlRig/Content/Controls/ControlRig_Pyramid_solid.uexp" 397
"../../../Engine/Plugins/Animation/ControlRig/Content/Controls/ControlRig_Pyramid_3mm.uasset" 398
"../../../Engine/Plugins/Animation/ControlRig/Content/Controls/ControlRig_Pyramid_3mm.uexp" 399
"../../../Engine/Plugins/Animation/ControlRig/Content/Controls/ControlRig_Pyramid_1mm.uasset" 400
"../../../Engine/Plugins/Animation/ControlRig/Content/Controls/ControlRig_Pyramid_1mm.uexp" 401
"../../../Engine/Plugins/Animation/ControlRig/Content/Controls/ControlRig_Octagon_solid.uasset" 402
"../../../Engine/Plugins/Animation/ControlRig/Content/Controls/ControlRig_Octagon_solid.uexp" 403
"../../../Engine/Plugins/Animation/ControlRig/Content/Controls/ControlRig_Octagon_3mm.uasset" 404
"../../../Engine/Plugins/Animation/ControlRig/Content/Controls/ControlRig_Octagon_3mm.uexp" 405
"../../../Engine/Plugins/Animation/ControlRig/Content/Controls/ControlRig_Octagon_1mm.uasset" 406
"../../../Engine/Plugins/Animation/ControlRig/Content/Controls/ControlRig_Octagon_1mm.uexp" 407
"../../../Engine/Plugins/Animation/ControlRig/Content/Controls/ControlRig_Hexagon_solid.uasset" 408
"../../../Engine/Plugins/Animation/ControlRig/Content/Controls/ControlRig_Hexagon_solid.uexp" 409
"../../../Engine/Plugins/Animation/ControlRig/Content/Controls/ControlRig_Hexagon_3mm.uasset" 410
"../../../Engine/Plugins/Animation/ControlRig/Content/Controls/ControlRig_Hexagon_3mm.uexp" 411
"../../../Engine/Plugins/Animation/ControlRig/Content/Controls/ControlRig_Hexagon_1mm.uasset" 412
"../../../Engine/Plugins/Animation/ControlRig/Content/Controls/ControlRig_Hexagon_1mm.uexp" 413
"../../../Engine/Plugins/Animation/ControlRig/Content/Controls/ControlRig_HalfCircle_solid.uasset" 414
"../../../Engine/Plugins/Animation/ControlRig/Content/Controls/ControlRig_HalfCircle_solid.uexp" 415
"../../../Engine/Plugins/Animation/ControlRig/Content/Controls/ControlRig_HalfCircle_3mm.uasset" 416
"../../../Engine/Plugins/Animation/ControlRig/Content/Controls/ControlRig_HalfCircle_3mm.uexp" 417
"../../../Engine/Plugins/Animation/ControlRig/Content/Controls/ControlRig_HalfCircle_1mm.uasset" 418
"../../../Engine/Plugins/Animation/ControlRig/Content/Controls/ControlRig_HalfCircle_1mm.uexp" 419
"../../../Engine/Plugins/Animation/ControlRig/Content/Controls/ControlRig_Diamond_solid.uasset" 420
"../../../Engine/Plugins/Animation/ControlRig/Content/Controls/ControlRig_Diamond_solid.uexp" 421
"../../../Engine/Plugins/Animation/ControlRig/Content/Controls/ControlRig_Diamond_3mm.uasset" 422
"../../../Engine/Plugins/Animation/ControlRig/Content/Controls/ControlRig_Diamond_3mm.uexp" 423
"../../../Engine/Plugins/Animation/ControlRig/Content/Controls/ControlRig_Diamond_1mm.uasset" 424
"../../../Engine/Plugins/Animation/ControlRig/Content/Controls/ControlRig_Diamond_1mm.uexp" 425
"../../../Engine/Plugins/Animation/ControlRig/Content/Controls/ControlRig_Circle_solid.uasset" 426
"../../../Engine/Plugins/Animation/ControlRig/Content/Controls/ControlRig_Circle_solid.uexp" 427
"../../../Engine/Plugins/Animation/ControlRig/Content/Controls/ControlRig_Circle_3mm.uasset" 428
"../../../Engine/Plugins/Animation/ControlRig/Content/Controls/ControlRig_Circle_3mm.uexp" 429
"../../../Engine/Plugins/Animation/ControlRig/Content/Controls/ControlRig_Circle_1mm.uasset" 430
"../../../Engine/Plugins/Animation/ControlRig/Content/Controls/ControlRig_Circle_1mm.uexp" 431
"../../../Engine/Plugins/Animation/ControlRig/Content/Controls/ControlRig_Box_solid.uasset" 432
"../../../Engine/Plugins/Animation/ControlRig/Content/Controls/ControlRig_Box_solid.uexp" 433
"../../../Engine/Plugins/Animation/ControlRig/Content/Controls/ControlRig_Box_3mm.uasset" 434
"../../../Engine/Plugins/Animation/ControlRig/Content/Controls/ControlRig_Box_3mm.uexp" 435
"../../../Engine/Plugins/Animation/ControlRig/Content/Controls/ControlRig_Box_1mm.uasset" 436
"../../../Engine/Plugins/Animation/ControlRig/Content/Controls/ControlRig_Box_1mm.uexp" 437
"../../../Engine/Plugins/Animation/ControlRig/Content/Controls/ControlRig_Arrow_solid.uasset" 438
"../../../Engine/Plugins/Animation/ControlRig/Content/Controls/ControlRig_Arrow_solid.uexp" 439
"../../../Engine/Plugins/Animation/ControlRig/Content/Controls/ControlRig_Arrow_3mm.uasset" 440
"../../../Engine/Plugins/Animation/ControlRig/Content/Controls/ControlRig_Arrow_3mm.uexp" 441
"../../../Engine/Plugins/Animation/ControlRig/Content/Controls/ControlRig_Arrow_1mm.uasset" 442
"../../../Engine/Plugins/Animation/ControlRig/Content/Controls/ControlRig_Arrow_1mm.uexp" 443
"../../../Engine/Plugins/Animation/ControlRig/Content/Controls/ControlRig_Arrow4_solid.uasset" 444
"../../../Engine/Plugins/Animation/ControlRig/Content/Controls/ControlRig_Arrow4_solid.uexp" 445
"../../../Engine/Plugins/Animation/ControlRig/Content/Controls/ControlRig_Arrow4_3mm.uasset" 446
"../../../Engine/Plugins/Animation/ControlRig/Content/Controls/ControlRig_Arrow4_3mm.uexp" 447
"../../../Engine/Plugins/Animation/ControlRig/Content/Controls/ControlRig_Arrow4_1mm.uasset" 448
"../../../Engine/Plugins/Animation/ControlRig/Content/Controls/ControlRig_Arrow4_1mm.uexp" 449
"../../../Engine/Plugins/Animation/ControlRig/Content/Controls/ControlRig_Arrow2_solid.uasset" 450
"../../../Engine/Plugins/Animation/ControlRig/Content/Controls/ControlRig_Arrow2_solid.uexp" 451
"../../../Engine/Plugins/Animation/ControlRig/Content/Controls/ControlRig_Arrow2_3mm.uasset" 452
"../../../Engine/Plugins/Animation/ControlRig/Content/Controls/ControlRig_Arrow2_3mm.uexp" 453
"../../../Engine/Plugins/Animation/ControlRig/Content/Controls/ControlRig_Arrow2_1mm.uasset" 454
"../../../Engine/Plugins/Animation/ControlRig/Content/Controls/ControlRig_Arrow2_1mm.uexp" 455
"../../../Engine/Plugins/Animation/ControlRig/Content/Controls/ControlRigXRayMaterial.uasset" 456
"../../../Engine/Plugins/Animation/ControlRig/Content/Controls/ControlRigXRayMaterial.uexp" 457
"../../../Engine/Plugins/Animation/ControlRig/Content/Controls/ControlRigGizmoMaterial.uasset" 458
"../../../Engine/Plugins/Animation/ControlRig/Content/Controls/ControlRigGizmoMaterial.uexp" 459
"../../../Engine/Plugins/Editor/SpeedTreeImporter/Content/SpeedTree9/game_wind_noise.ubulk" 460
"../../../Engine/Plugins/Editor/SpeedTreeImporter/Content/SpeedTree9/game_wind_noise.uasset" 461
"../../../Engine/Plugins/Editor/SpeedTreeImporter/Content/SpeedTree9/game_wind_noise.uexp" 462
"../../../Engine/Plugins/Editor/SpeedTreeImporter/Content/SpeedTree9/UnpackDirection.uasset" 463
"../../../Engine/Plugins/Editor/SpeedTreeImporter/Content/SpeedTree9/UnpackDirection.uexp" 464
"../../../Engine/Content/Functions/Engine_MaterialFunctions02/ObjectLocalBounds.uasset" 465
"../../../Engine/Content/Functions/Engine_MaterialFunctions02/ObjectLocalBounds.uexp" 466
"../../../Engine/Content/Functions/Engine_MaterialFunctions02/UVs/BoundingBoxBased_0-1_UVW.uasset" 467
"../../../Engine/Content/Functions/Engine_MaterialFunctions02/UVs/BoundingBoxBased_0-1_UVW.uexp" 468
"../../../Engine/Content/Functions/Engine_MaterialFunctions02/Utility/VectorLength.uasset" 469
"../../../Engine/Content/Functions/Engine_MaterialFunctions02/Utility/VectorLength.uexp" 470
"../../../Engine/Plugins/Editor/SpeedTreeImporter/Content/SpeedTree9/UnpackInteger3.uasset" 471
"../../../Engine/Plugins/Editor/SpeedTreeImporter/Content/SpeedTree9/UnpackInteger3.uexp" 472
"../../../Engine/Plugins/Editor/SpeedTreeImporter/Content/SpeedTree9/SpeedTreeCameraFacing.uasset" 473
"../../../Engine/Plugins/Editor/SpeedTreeImporter/Content/SpeedTree9/SpeedTreeCameraFacing.uexp" 474
"../../../Engine/Content/Functions/Engine_MaterialFunctions02/WorldPositionOffset/ObjectScale.uasset" 475
"../../../Engine/Content/Functions/Engine_MaterialFunctions02/WorldPositionOffset/ObjectScale.uexp" 476
"../../../Engine/Content/Functions/Engine_MaterialFunctions02/SafeNormalize.uasset" 477
"../../../Engine/Content/Functions/Engine_MaterialFunctions02/SafeNormalize.uexp" 478
"../../../Engine/Plugins/Editor/SpeedTreeImporter/Content/SpeedTree9/SpeedTreeWindMotion.uasset" 479
"../../../Engine/Plugins/Editor/SpeedTreeImporter/Content/SpeedTree9/SpeedTreeWindMotion.uexp" 480
"../../../Engine/Plugins/Editor/SpeedTreeImporter/Content/SpeedTree9/SpeedTreeBranchMotion.uasset" 481
"../../../Engine/Plugins/Editor/SpeedTreeImporter/Content/SpeedTree9/SpeedTreeBranchMotion.uexp" 482
"../../../Engine/Plugins/Editor/SpeedTreeImporter/Content/SpeedTree9/SpeedTreeWind.uasset" 483
"../../../Engine/Plugins/Editor/SpeedTreeImporter/Content/SpeedTree9/SpeedTreeWind.uexp" 484
"../../../Engine/Plugins/Editor/SpeedTreeImporter/Content/SpeedTree9/EmptyNormal.uasset" 485
"../../../Engine/Plugins/Editor/SpeedTreeImporter/Content/SpeedTree9/EmptyNormal.uexp" 486
"../../../Engine/Plugins/Editor/SpeedTreeImporter/Content/SpeedTree9/Empty.uasset" 487
"../../../Engine/Plugins/Editor/SpeedTreeImporter/Content/SpeedTree9/Empty.uexp" 488
"../../../Engine/Plugins/Editor/SpeedTreeImporter/Content/SpeedTree9/SpeedTreeMaster.uasset" 489
"../../../Engine/Plugins/Editor/SpeedTreeImporter/Content/SpeedTree9/SpeedTreeMaster.uexp" 490
"../../../Engine/Plugins/Editor/SpeedTreeImporter/Content/SpeedTree9/SpeedTreeBillboard.uasset" 491
"../../../Engine/Plugins/Editor/SpeedTreeImporter/Content/SpeedTree9/SpeedTreeBillboard.uexp" 492
"../../../Engine/Plugins/Editor/SpeedTreeImporter/Content/SpeedTree9/SpeedTreeBillboardMaster.uasset" 493
"../../../Engine/Plugins/Editor/SpeedTreeImporter/Content/SpeedTree9/SpeedTreeBillboardMaster.uexp" 494
"../../../Engine/Content/Functions/Engine_MaterialFunctions02/Texturing/CustomRotator.uasset" 495
"../../../Engine/Content/Functions/Engine_MaterialFunctions02/Texturing/CustomRotator.uexp" 496
"../../../Engine/Content/Functions/Engine_MaterialFunctions02/Texturing/ScreenAlignedPixelToPixelUVs.uasset" 497
"../../../Engine/Content/Functions/Engine_MaterialFunctions02/Texturing/ScreenAlignedPixelToPixelUVs.uexp" 498
"../../../Engine/Plugins/Interchange/Runtime/Content/Utilities/T_Bayer64_Grayscale_64px.uasset" 499
"../../../Engine/Plugins/Interchange/Runtime/Content/Utilities/T_Bayer64_Grayscale_64px.uexp" 500
"../../../Engine/Plugins/Interchange/Runtime/Content/gltf/MaterialFunctions/MF_Temporal_Blur.uasset" 501
"../../../Engine/Plugins/Interchange/Runtime/Content/gltf/MaterialFunctions/MF_Temporal_Blur.uexp" 502
"../../../Engine/Plugins/Interchange/Runtime/Content/gltf/MaterialFunctions/MF_Fresnel_DS.uasset" 503
"../../../Engine/Plugins/Interchange/Runtime/Content/gltf/MaterialFunctions/MF_Fresnel_DS.uexp" 504
"../../../Engine/Plugins/Interchange/Runtime/Content/Functions/MX_Transmission.uasset" 505
"../../../Engine/Plugins/Interchange/Runtime/Content/Functions/MX_Transmission.uexp" 506
"../../../Engine/Plugins/Interchange/Runtime/Content/Functions/MF_OrenNayerView.uasset" 507
"../../../Engine/Plugins/Interchange/Runtime/Content/Functions/MF_OrenNayerView.uexp" 508
"../../../Engine/Plugins/Interchange/Runtime/Content/Functions/MF_SchlickApprox.uasset" 509
"../../../Engine/Plugins/Interchange/Runtime/Content/Functions/MF_SchlickApprox.uexp" 510
"../../../Engine/Plugins/Interchange/Runtime/Content/Utilities/New_LUT.uasset" 511
"../../../Engine/Plugins/Interchange/Runtime/Content/Utilities/New_LUT.uexp" 512
"../../../Engine/Content/Functions/Engine_MaterialFunctions03/Math/RemapValueRange.uasset" 513
"../../../Engine/Content/Functions/Engine_MaterialFunctions03/Math/RemapValueRange.uexp" 514
"../../../Engine/Plugins/Interchange/Runtime/Content/Functions/MF_Iridescence.uasset" 515
"../../../Engine/Plugins/Interchange/Runtime/Content/Functions/MF_Iridescence.uexp" 516
"../../../Engine/Plugins/Interchange/Runtime/Content/Functions/MX_StandardSurface.uasset" 517
"../../../Engine/Plugins/Interchange/Runtime/Content/Functions/MX_StandardSurface.uexp" 518
"../../../Engine/Plugins/Interchange/Runtime/Content/Functions/MX_TransmissionSurface.uasset" 519
"../../../Engine/Plugins/Interchange/Runtime/Content/Functions/MX_TransmissionSurface.uexp" 520
"../../../Engine/Content/Functions/Engine_MaterialFunctions02/Math/AddComponents.uasset" 521
"../../../Engine/Content/Functions/Engine_MaterialFunctions02/Math/AddComponents.uexp" 522
"../../../Engine/Content/Functions/Engine_MaterialFunctions02/WorldPositionOffset/V2/ObjectScale.uasset" 523
"../../../Engine/Content/Functions/Engine_MaterialFunctions02/WorldPositionOffset/V2/ObjectScale.uexp" 524
"../../../Engine/Plugins/Interchange/Runtime/Content/gltf/MaterialFunctions/MF_TransmissionOpacity.uasset" 525
"../../../Engine/Plugins/Interchange/Runtime/Content/gltf/MaterialFunctions/MF_TransmissionOpacity.uexp" 526
"../../../Engine/Plugins/Interchange/Runtime/Content/gltf/MaterialFunctions/MF_RotateV2.uasset" 527
"../../../Engine/Plugins/Interchange/Runtime/Content/gltf/MaterialFunctions/MF_RotateV2.uexp" 528
"../../../Engine/Plugins/Interchange/Runtime/Content/gltf/MaterialFunctions/MF_TransformUVs.uasset" 529
"../../../Engine/Plugins/Interchange/Runtime/Content/gltf/MaterialFunctions/MF_TransformUVs.uexp" 530
"../../../Engine/Plugins/Interchange/Runtime/Content/gltf/Textures/T_White_srgb.uasset" 531
"../../../Engine/Plugins/Interchange/Runtime/Content/gltf/Textures/T_White_srgb.uexp" 532
"../../../Engine/Plugins/Interchange/Runtime/Content/gltf/MaterialFunctions/MF_BaseColor.uasset" 533
"../../../Engine/Plugins/Interchange/Runtime/Content/gltf/MaterialFunctions/MF_BaseColor.uexp" 534
"../../../Engine/Plugins/Interchange/Runtime/Content/gltf/MaterialFunctions/MF_DiffuseSpecGloss.uasset" 535
"../../../Engine/Plugins/Interchange/Runtime/Content/gltf/MaterialFunctions/MF_DiffuseSpecGloss.uexp" 536
"../../../Engine/Plugins/Interchange/Runtime/Content/gltf/Textures/T_White_Linear.uasset" 537
"../../../Engine/Plugins/Interchange/Runtime/Content/gltf/Textures/T_White_Linear.uexp" 538
"../../../Engine/Plugins/Interchange/Runtime/Content/gltf/MaterialFunctions/MF_MetallicRoughness.uasset" 539
"../../../Engine/Plugins/Interchange/Runtime/Content/gltf/MaterialFunctions/MF_MetallicRoughness.uexp" 540
"../../../Engine/Plugins/Interchange/Runtime/Content/gltf/MaterialFunctions/MF_Transmission.uasset" 541
"../../../Engine/Plugins/Interchange/Runtime/Content/gltf/MaterialFunctions/MF_Transmission.uexp" 542
"../../../Engine/Plugins/Interchange/Runtime/Content/gltf/MaterialFunctions/MF_Occlusion.uasset" 543
"../../../Engine/Plugins/Interchange/Runtime/Content/gltf/MaterialFunctions/MF_Occlusion.uexp" 544
"../../../Engine/Plugins/Interchange/Runtime/Content/gltf/MaterialFunctions/MF_Specular.uasset" 545
"../../../Engine/Plugins/Interchange/Runtime/Content/gltf/MaterialFunctions/MF_Specular.uexp" 546
"../../../Engine/Plugins/Interchange/Runtime/Content/gltf/MaterialFunctions/MF_IOR.uasset" 547
"../../../Engine/Plugins/Interchange/Runtime/Content/gltf/MaterialFunctions/MF_IOR.uexp" 548
"../../../Engine/Content/Functions/Engine_MaterialFunctions01/Texturing/FlattenNormal.uasset" 549
"../../../Engine/Content/Functions/Engine_MaterialFunctions01/Texturing/FlattenNormal.uexp" 550
"../../../Engine/Content/Functions/Engine_MaterialFunctions02/Math/Transform3x3Matrix.uasset" 551
"../../../Engine/Content/Functions/Engine_MaterialFunctions02/Math/Transform3x3Matrix.uexp" 552
"../../../Engine/Plugins/Interchange/Runtime/Content/gltf/MaterialFunctions/MF_RotateNormals_TS.uasset" 553
"../../../Engine/Plugins/Interchange/Runtime/Content/gltf/MaterialFunctions/MF_RotateNormals_TS.uexp" 554
"../../../Engine/Plugins/Interchange/Runtime/Content/gltf/Textures/T_Generic_N.uasset" 555
"../../../Engine/Plugins/Interchange/Runtime/Content/gltf/Textures/T_Generic_N.uexp" 556
"../../../Engine/Plugins/Interchange/Runtime/Content/gltf/MaterialFunctions/MF_Normals.uasset" 557
"../../../Engine/Plugins/Interchange/Runtime/Content/gltf/MaterialFunctions/MF_Normals.uexp" 558
"../../../Engine/Plugins/Interchange/Runtime/Content/gltf/MaterialFunctions/MF_PerceivedBrightness.uasset" 559
"../../../Engine/Plugins/Interchange/Runtime/Content/gltf/MaterialFunctions/MF_PerceivedBrightness.uexp" 560
"../../../Engine/Plugins/Interchange/Runtime/Content/gltf/MaterialFunctions/MF_SpecGlossToMetalRoughness.uasset" 561
"../../../Engine/Plugins/Interchange/Runtime/Content/gltf/MaterialFunctions/MF_SpecGlossToMetalRoughness.uexp" 562
"../../../Engine/Plugins/Interchange/Runtime/Content/gltf/M_Transmission.uasset" 563
"../../../Engine/Plugins/Interchange/Runtime/Content/gltf/M_Transmission.uexp" 564
"../../../Engine/Plugins/Interchange/Runtime/Content/gltf/MaterialInstances_MR/MI_Transmission_TS.uasset" 565
"../../../Engine/Plugins/Interchange/Runtime/Content/gltf/MaterialInstances_MR/MI_Transmission_TS.uexp" 566
"../../../Engine/Plugins/Interchange/Runtime/Content/gltf/MaterialInstances_MR/MI_Transmission.uasset" 567
"../../../Engine/Plugins/Interchange/Runtime/Content/gltf/MaterialInstances_MR/MI_Transmission.uexp" 568
"../../../Engine/Plugins/Interchange/Runtime/Content/gltf/MaterialFunctions/MF_Clearcoat.uasset" 569
"../../../Engine/Plugins/Interchange/Runtime/Content/gltf/MaterialFunctions/MF_Clearcoat.uexp" 570
"../../../Engine/Plugins/Interchange/Runtime/Content/gltf/MaterialFunctions/MF_Emissive.uasset" 571
"../../../Engine/Plugins/Interchange/Runtime/Content/gltf/MaterialFunctions/MF_Emissive.uexp" 572
"../../../Engine/Plugins/Interchange/Runtime/Content/gltf/M_Translucent.uasset" 573
"../../../Engine/Plugins/Interchange/Runtime/Content/gltf/M_Translucent.uexp" 574
"../../../Engine/Plugins/Interchange/Runtime/Content/gltf/MaterialInstances_MR/MI_Translucent_TS.uasset" 575
"../../../Engine/Plugins/Interchange/Runtime/Content/gltf/MaterialInstances_MR/MI_Translucent_TS.uexp" 576
"../../../Engine/Plugins/Interchange/Runtime/Content/gltf/MaterialInstances_MR/MI_Translucent_ClearCoat_TS.uasset" 577
"../../../Engine/Plugins/Interchange/Runtime/Content/gltf/MaterialInstances_MR/MI_Translucent_ClearCoat_TS.uexp" 578
"../../../Engine/Plugins/Interchange/Runtime/Content/gltf/MaterialInstances_MR/MI_Translucent_ClearCoat.uasset" 579
"../../../Engine/Plugins/Interchange/Runtime/Content/gltf/MaterialInstances_MR/MI_Translucent_ClearCoat.uexp" 580
"../../../Engine/Plugins/Interchange/Runtime/Content/gltf/MaterialInstances_MR/MI_Translucent.uasset" 581
"../../../Engine/Plugins/Interchange/Runtime/Content/gltf/MaterialInstances_MR/MI_Translucent.uexp" 582
"../../../Engine/Plugins/Interchange/Runtime/Content/gltf/M_Unlit.uasset" 583
"../../../Engine/Plugins/Interchange/Runtime/Content/gltf/M_Unlit.uexp" 584
"../../../Engine/Plugins/Interchange/Runtime/Content/gltf/MaterialInstances_MR/MI_Opaque_Unlit_TS.uasset" 585
"../../../Engine/Plugins/Interchange/Runtime/Content/gltf/MaterialInstances_MR/MI_Opaque_Unlit_TS.uexp" 586
"../../../Engine/Plugins/Interchange/Runtime/Content/gltf/MaterialInstances_MR/MI_Opaque_Unlit.uasset" 587
"../../../Engine/Plugins/Interchange/Runtime/Content/gltf/MaterialInstances_MR/MI_Opaque_Unlit.uexp" 588
"../../../Engine/Plugins/Interchange/Runtime/Content/gltf/M_Opaque.uasset" 589
"../../../Engine/Plugins/Interchange/Runtime/Content/gltf/M_Opaque.uexp" 590
"../../../Engine/Plugins/Interchange/Runtime/Content/gltf/MaterialInstances_MR/MI_Opaque_TS.uasset" 591
"../../../Engine/Plugins/Interchange/Runtime/Content/gltf/MaterialInstances_MR/MI_Opaque_TS.uexp" 592
"../../../Engine/Plugins/Interchange/Runtime/Content/gltf/MaterialFunctions/MF_Sheen.uasset" 593
"../../../Engine/Plugins/Interchange/Runtime/Content/gltf/MaterialFunctions/MF_Sheen.uexp" 594
"../../../Engine/Content/Functions/Engine_MaterialFunctions01/Shading/FuzzyShading.uasset" 595
"../../../Engine/Content/Functions/Engine_MaterialFunctions01/Shading/FuzzyShading.uexp" 596
"../../../Engine/Plugins/Interchange/Runtime/Content/gltf/M_Sheen.uasset" 597
"../../../Engine/Plugins/Interchange/Runtime/Content/gltf/M_Sheen.uexp" 598
"../../../Engine/Plugins/Interchange/Runtime/Content/gltf/MaterialInstances_MR/MI_Opaque_Sheen_TS.uasset" 599
"../../../Engine/Plugins/Interchange/Runtime/Content/gltf/MaterialInstances_MR/MI_Opaque_Sheen_TS.uexp" 600
"../../../Engine/Plugins/Interchange/Runtime/Content/gltf/MaterialInstances_MR/MI_Opaque_Sheen.uasset" 601
"../../../Engine/Plugins/Interchange/Runtime/Content/gltf/MaterialInstances_MR/MI_Opaque_Sheen.uexp" 602
"../../../Engine/Plugins/Interchange/Runtime/Content/gltf/MaterialInstances_MR/MI_Opaque_ClearCoat_TS.uasset" 603
"../../../Engine/Plugins/Interchange/Runtime/Content/gltf/MaterialInstances_MR/MI_Opaque_ClearCoat_TS.uexp" 604
"../../../Engine/Plugins/Interchange/Runtime/Content/gltf/MaterialInstances_MR/MI_Opaque_ClearCoat.uasset" 605
"../../../Engine/Plugins/Interchange/Runtime/Content/gltf/MaterialInstances_MR/MI_Opaque_ClearCoat.uexp" 606
"../../../Engine/Plugins/Interchange/Runtime/Content/gltf/MaterialInstances_MR/MI_Opaque.uasset" 607
"../../../Engine/Plugins/Interchange/Runtime/Content/gltf/MaterialInstances_MR/MI_Opaque.uexp" 608
"../../../Engine/Plugins/Interchange/Runtime/Content/gltf/MaterialInstances_SG/MI_Transmission_TS.uasset" 609
"../../../Engine/Plugins/Interchange/Runtime/Content/gltf/MaterialInstances_SG/MI_Transmission_TS.uexp" 610
"../../../Engine/Plugins/Interchange/Runtime/Content/gltf/MaterialInstances_SG/MI_Transmission.uasset" 611
"../../../Engine/Plugins/Interchange/Runtime/Content/gltf/MaterialInstances_SG/MI_Transmission.uexp" 612
"../../../Engine/Plugins/Interchange/Runtime/Content/gltf/MaterialInstances_SG/MI_Translucent_TS.uasset" 613
"../../../Engine/Plugins/Interchange/Runtime/Content/gltf/MaterialInstances_SG/MI_Translucent_TS.uexp" 614
"../../../Engine/Plugins/Interchange/Runtime/Content/gltf/MaterialInstances_SG/MI_Translucent_ClearCoat_TS.uasset" 615
"../../../Engine/Plugins/Interchange/Runtime/Content/gltf/MaterialInstances_SG/MI_Translucent_ClearCoat_TS.uexp" 616
"../../../Engine/Plugins/Interchange/Runtime/Content/gltf/MaterialInstances_SG/MI_Translucent_ClearCoat.uasset" 617
"../../../Engine/Plugins/Interchange/Runtime/Content/gltf/MaterialInstances_SG/MI_Translucent_ClearCoat.uexp" 618
"../../../Engine/Plugins/Interchange/Runtime/Content/gltf/MaterialInstances_SG/MI_Translucent.uasset" 619
"../../../Engine/Plugins/Interchange/Runtime/Content/gltf/MaterialInstances_SG/MI_Translucent.uexp" 620
"../../../Engine/Plugins/Interchange/Runtime/Content/gltf/MaterialInstances_SG/MI_Opaque_TS.uasset" 621
"../../../Engine/Plugins/Interchange/Runtime/Content/gltf/MaterialInstances_SG/MI_Opaque_TS.uexp" 622
"../../../Engine/Plugins/Interchange/Runtime/Content/gltf/MaterialInstances_SG/MI_Opaque_Sheen_TS.uasset" 623
"../../../Engine/Plugins/Interchange/Runtime/Content/gltf/MaterialInstances_SG/MI_Opaque_Sheen_TS.uexp" 624
"../../../Engine/Plugins/Interchange/Runtime/Content/gltf/MaterialInstances_SG/MI_Opaque_Sheen.uasset" 625
"../../../Engine/Plugins/Interchange/Runtime/Content/gltf/MaterialInstances_SG/MI_Opaque_Sheen.uexp" 626
"../../../Engine/Plugins/Interchange/Runtime/Content/gltf/MaterialInstances_SG/MI_Opaque_ClearCoat_TS.uasset" 627
"../../../Engine/Plugins/Interchange/Runtime/Content/gltf/MaterialInstances_SG/MI_Opaque_ClearCoat_TS.uexp" 628
"../../../Engine/Plugins/Interchange/Runtime/Content/gltf/MaterialInstances_SG/MI_Opaque_ClearCoat.uasset" 629
"../../../Engine/Plugins/Interchange/Runtime/Content/gltf/MaterialInstances_SG/MI_Opaque_ClearCoat.uexp" 630
"../../../Engine/Plugins/Interchange/Runtime/Content/gltf/MaterialInstances_SG/MI_Opaque.uasset" 631
"../../../Engine/Plugins/Interchange/Runtime/Content/gltf/MaterialInstances_SG/MI_Opaque.uexp" 632
"../../../Engine/Plugins/Interchange/Runtime/Content/gltf/Textures/T_Gray_Linear.uasset" 633
"../../../Engine/Plugins/Interchange/Runtime/Content/gltf/Textures/T_Gray_Linear.uexp" 634
"../../../Engine/Plugins/Interchange/Runtime/Content/gltf/Textures/T_Black_srgb.uasset" 635
"../../../Engine/Plugins/Interchange/Runtime/Content/gltf/Textures/T_Black_srgb.uexp" 636
"../../../Engine/Plugins/Interchange/Runtime/Content/Materials/UnlitMaterial.uasset" 637
"../../../Engine/Plugins/Interchange/Runtime/Content/Materials/UnlitMaterial.uexp" 638
"../../../Engine/Content/EngineMaterials/DefaultNormal.ubulk" 639
"../../../Engine/Content/EngineMaterials/DefaultNormal.uasset" 640
"../../../Engine/Content/EngineMaterials/DefaultNormal.uexp" 641
"../../../Engine/Plugins/Interchange/Runtime/Content/Materials/MapOrScalarFunction.uasset" 642
"../../../Engine/Plugins/Interchange/Runtime/Content/Materials/MapOrScalarFunction.uexp" 643
"../../../Engine/Plugins/Interchange/Runtime/Content/Materials/MapOrLinearColorFunction.uasset" 644
"../../../Engine/Plugins/Interchange/Runtime/Content/Materials/MapOrLinearColorFunction.uexp" 645
"../../../Engine/Plugins/Interchange/Runtime/Content/Materials/MapOrColorFunction.uasset" 646
"../../../Engine/Plugins/Interchange/Runtime/Content/Materials/MapOrColorFunction.uexp" 647
"../../../Engine/Plugins/Interchange/Runtime/Content/Materials/CommonMaterial.uasset" 648
"../../../Engine/Plugins/Interchange/Runtime/Content/Materials/CommonMaterial.uexp" 649
"../../../Engine/Plugins/Interchange/Runtime/Content/Materials/PBRSurfaceFunction.uasset" 650
"../../../Engine/Plugins/Interchange/Runtime/Content/Materials/PBRSurfaceFunction.uexp" 651
"../../../Engine/Plugins/Interchange/Runtime/Content/Materials/ThinTranslucentMaterial.uasset" 652
"../../../Engine/Plugins/Interchange/Runtime/Content/Materials/ThinTranslucentMaterial.uexp" 653
"../../../Engine/Plugins/Interchange/Runtime/Content/Materials/SubsurfaceMaterial.uasset" 654
"../../../Engine/Plugins/Interchange/Runtime/Content/Materials/SubsurfaceMaterial.uexp" 655
"../../../Engine/Plugins/Interchange/Runtime/Content/Materials/SheenMaterial.uasset" 656
"../../../Engine/Plugins/Interchange/Runtime/Content/Materials/SheenMaterial.uexp" 657
"../../../Engine/Content/Functions/Engine_MaterialFunctions01/Shading/ConvertFromDiffSpec.uasset" 658
"../../../Engine/Content/Functions/Engine_MaterialFunctions01/Shading/ConvertFromDiffSpec.uexp" 659
"../../../Engine/Plugins/Interchange/Runtime/Content/Materials/PhongSurfaceMaterial.uasset" 660
"../../../Engine/Plugins/Interchange/Runtime/Content/Materials/PhongSurfaceMaterial.uexp" 661
"../../../Engine/Plugins/Interchange/Runtime/Content/Materials/PBRSurfaceMaterial.uasset" 662
"../../../Engine/Plugins/Interchange/Runtime/Content/Materials/PBRSurfaceMaterial.uexp" 663
"../../../Engine/Content/EngineMaterials/FlatNormal.uasset" 664
"../../../Engine/Content/EngineMaterials/FlatNormal.uexp" 665
"../../../Engine/Content/EditorLandscapeResources/WhiteSquareTexture.uasset" 666
"../../../Engine/Content/EditorLandscapeResources/WhiteSquareTexture.uexp" 667
"../../../Engine/Plugins/Interchange/Runtime/Content/Materials/OrenNayerMaterial.uasset" 668
"../../../Engine/Plugins/Interchange/Runtime/Content/Materials/OrenNayerMaterial.uexp" 669
"../../../Engine/Plugins/Interchange/Runtime/Content/Materials/LambertSurfaceMaterial.uasset" 670
"../../../Engine/Plugins/Interchange/Runtime/Content/Materials/LambertSurfaceMaterial.uexp" 671
"../../../Engine/Plugins/Interchange/Runtime/Content/Materials/ClearCoatMaterial.uasset" 672
"../../../Engine/Plugins/Interchange/Runtime/Content/Materials/ClearCoatMaterial.uexp" 673
"../../../Engine/Plugins/Interchange/Runtime/Content/Pipelines/DefaultTexturePipeline.uasset" 674
"../../../Engine/Plugins/Interchange/Runtime/Content/Pipelines/DefaultTexturePipeline.uexp" 675
"../../../Engine/Plugins/Interchange/Runtime/Content/Pipelines/DefaultSceneLevelPipeline.uasset" 676
"../../../Engine/Plugins/Interchange/Runtime/Content/Pipelines/DefaultSceneLevelPipeline.uexp" 677
"../../../Engine/Plugins/Interchange/Runtime/Content/Pipelines/DefaultSceneAssetsPipeline.uasset" 678
"../../../Engine/Plugins/Interchange/Runtime/Content/Pipelines/DefaultSceneAssetsPipeline.uexp" 679
"../../../Engine/Plugins/Interchange/Runtime/Content/Pipelines/DefaultMaterialPipeline.uasset" 680
"../../../Engine/Plugins/Interchange/Runtime/Content/Pipelines/DefaultMaterialPipeline.uexp" 681
"../../../Engine/Plugins/Interchange/Runtime/Content/Pipelines/DefaultAssetsPipeline.uasset" 682
"../../../Engine/Plugins/Interchange/Runtime/Content/Pipelines/DefaultAssetsPipeline.uexp" 683
"../../../Engine/Plugins/Runtime/MeshModelingToolset/Content/Materials/M_DynamicMeshComponentVtxColor.uasset" 684
"../../../Engine/Plugins/Runtime/MeshModelingToolset/Content/Materials/M_DynamicMeshComponentVtxColor.uexp" 685
"../../../Engine/Content/BasicShapes/Cube.uasset" 686
"../../../Engine/Content/BasicShapes/Cube.uexp" 687
"../../../Engine/Content/BasicShapes/BasicShapeMaterial.uasset" 688
"../../../Engine/Content/BasicShapes/BasicShapeMaterial.uexp" 689
"D:/AllpIntern/UnrealProject/F1/Content/VehicleTemplate/Input/Actions/IA_Throttle.uasset" 690
"D:/AllpIntern/UnrealProject/F1/Content/VehicleTemplate/Input/Actions/IA_Throttle.uexp" 691
"D:/AllpIntern/UnrealProject/F1/Content/VehicleTemplate/Input/Actions/IA_Break.uasset" 692
"D:/AllpIntern/UnrealProject/F1/Content/VehicleTemplate/Input/Actions/IA_Break.uexp" 693
"D:/AllpIntern/UnrealProject/F1/Content/VehicleTemplate/Input/Actions/IA_ToggleCamera.uasset" 694
"D:/AllpIntern/UnrealProject/F1/Content/VehicleTemplate/Input/Actions/IA_ToggleCamera.uexp" 695
"../../../Engine/Plugins/Animation/ControlRig/Content/Controls/DefaultGizmoLibraryNormalized.uasset" 696
"../../../Engine/Plugins/Animation/ControlRig/Content/Controls/DefaultGizmoLibraryNormalized.uexp" 697
"D:/AllpIntern/UnrealProject/F1/Content/Vehicles/SportsCar/SportsCar_CtrlRig.uasset" 698
"D:/AllpIntern/UnrealProject/F1/Content/Vehicles/SportsCar/SportsCar_CtrlRig.uexp" 699
"D:/AllpIntern/UnrealProject/F1/Content/Vehicles/SportsCar/SportsCar_Skeleton.uasset" 700
"D:/AllpIntern/UnrealProject/F1/Content/Vehicles/SportsCar/SportsCar_Skeleton.uexp" 701
"D:/AllpIntern/UnrealProject/F1/Content/Vehicles/SportsCar/SportsCar_AnimBP.uasset" 702
"D:/AllpIntern/UnrealProject/F1/Content/Vehicles/SportsCar/SportsCar_AnimBP.uexp" 703
"D:/AllpIntern/UnrealProject/F1/Content/VehicleTemplate/Input/Actions/IA_Handbrake.uasset" 704
"D:/AllpIntern/UnrealProject/F1/Content/VehicleTemplate/Input/Actions/IA_Handbrake.uexp" 705
"D:/AllpIntern/UnrealProject/F1/Content/Vehicles/SportsCar/Materials/Textures/T_SportsCar_Tire_M_TGA.ubulk" 706
"D:/AllpIntern/UnrealProject/F1/Content/Vehicles/SportsCar/Materials/Textures/T_SportsCar_Tire_M_TGA.uasset" 707
"D:/AllpIntern/UnrealProject/F1/Content/Vehicles/SportsCar/Materials/Textures/T_SportsCar_Tire_M_TGA.uexp" 708
"D:/AllpIntern/UnrealProject/F1/Content/Vehicles/SportsCar/Materials/Textures/T_SportsCar_Wheel_N.ubulk" 709
"D:/AllpIntern/UnrealProject/F1/Content/Vehicles/SportsCar/Materials/Textures/T_SportsCar_Wheel_N.uasset" 710
"D:/AllpIntern/UnrealProject/F1/Content/Vehicles/SportsCar/Materials/Textures/T_SportsCar_Wheel_N.uexp" 711
"D:/AllpIntern/UnrealProject/F1/Content/Vehicles/SportsCar/Materials/Textures/T_SportsCar_Wheel_M.ubulk" 712
"D:/AllpIntern/UnrealProject/F1/Content/Vehicles/SportsCar/Materials/Textures/T_SportsCar_Wheel_M.uasset" 713
"D:/AllpIntern/UnrealProject/F1/Content/Vehicles/SportsCar/Materials/Textures/T_SportsCar_Wheel_M.uexp" 714
"D:/AllpIntern/UnrealProject/F1/Content/Vehicles/SportsCar/Materials/M_SportsCar_Wheel.uasset" 715
"D:/AllpIntern/UnrealProject/F1/Content/Vehicles/SportsCar/Materials/M_SportsCar_Wheel.uexp" 716
"D:/AllpIntern/UnrealProject/F1/Content/Vehicles/SportsCar/Materials/Textures/T_SportsCar_Tire_N.ubulk" 717
"D:/AllpIntern/UnrealProject/F1/Content/Vehicles/SportsCar/Materials/Textures/T_SportsCar_Tire_N.uasset" 718
"D:/AllpIntern/UnrealProject/F1/Content/Vehicles/SportsCar/Materials/Textures/T_SportsCar_Tire_N.uexp" 719
"D:/AllpIntern/UnrealProject/F1/Content/Vehicles/SportsCar/Materials/MI_SportsCar_Tire.uasset" 720
"D:/AllpIntern/UnrealProject/F1/Content/Vehicles/SportsCar/Materials/MI_SportsCar_Tire.uexp" 721
"D:/AllpIntern/UnrealProject/F1/Content/Vehicles/SportsCar/Materials/M_SportsCar_Lights.uasset" 722
"D:/AllpIntern/UnrealProject/F1/Content/Vehicles/SportsCar/Materials/M_SportsCar_Lights.uexp" 723
"D:/AllpIntern/UnrealProject/F1/Content/Vehicles/SportsCar/SportsCar_PhysicsAsset.uasset" 724
"D:/AllpIntern/UnrealProject/F1/Content/Vehicles/SportsCar/SportsCar_PhysicsAsset.uexp" 725
"D:/AllpIntern/UnrealProject/F1/Content/Vehicles/SportsCar/Materials/Textures/T_SportsCar_Body_BotN.ubulk" 726
"D:/AllpIntern/UnrealProject/F1/Content/Vehicles/SportsCar/Materials/Textures/T_SportsCar_Body_BotN.uasset" 727
"D:/AllpIntern/UnrealProject/F1/Content/Vehicles/SportsCar/Materials/Textures/T_SportsCar_Body_BotN.uexp" 728
"D:/AllpIntern/UnrealProject/F1/Content/Vehicles/SportsCar/Materials/Textures/T_SportsCar_Body_N.ubulk" 729
"D:/AllpIntern/UnrealProject/F1/Content/Vehicles/SportsCar/Materials/Textures/T_SportsCar_Body_N.uasset" 730
"D:/AllpIntern/UnrealProject/F1/Content/Vehicles/SportsCar/Materials/Textures/T_SportsCar_Body_N.uexp" 731
"D:/AllpIntern/UnrealProject/F1/Content/Vehicles/SportsCar/Materials/Textures/T_SportsCar_Body_Tan.ubulk" 732
"D:/AllpIntern/UnrealProject/F1/Content/Vehicles/SportsCar/Materials/Textures/T_SportsCar_Body_Tan.uasset" 733
"D:/AllpIntern/UnrealProject/F1/Content/Vehicles/SportsCar/Materials/Textures/T_SportsCar_Body_Tan.uexp" 734
"D:/AllpIntern/UnrealProject/F1/Content/Vehicles/SportsCar/Materials/Textures/T_SportsCar_Body_CCRCCPlastic_M.ubulk" 735
"D:/AllpIntern/UnrealProject/F1/Content/Vehicles/SportsCar/Materials/Textures/T_SportsCar_Body_CCRCCPlastic_M.uasset" 736
"D:/AllpIntern/UnrealProject/F1/Content/Vehicles/SportsCar/Materials/Textures/T_SportsCar_Body_CCRCCPlastic_M.uexp" 737
"D:/AllpIntern/UnrealProject/F1/Content/Vehicles/SportsCar/Materials/Textures/T_SportsCar_Body_MSR_M.ubulk" 738
"D:/AllpIntern/UnrealProject/F1/Content/Vehicles/SportsCar/Materials/Textures/T_SportsCar_Body_MSR_M.uasset" 739
"D:/AllpIntern/UnrealProject/F1/Content/Vehicles/SportsCar/Materials/Textures/T_SportsCar_Body_MSR_M.uexp" 740
"D:/AllpIntern/UnrealProject/F1/Content/Vehicles/SportsCar/Materials/Textures/T_SportsCar_Body_BC.ubulk" 741
"D:/AllpIntern/UnrealProject/F1/Content/Vehicles/SportsCar/Materials/Textures/T_SportsCar_Body_BC.uasset" 742
"D:/AllpIntern/UnrealProject/F1/Content/Vehicles/SportsCar/Materials/Textures/T_SportsCar_Body_BC.uexp" 743
"D:/AllpIntern/UnrealProject/F1/Content/Vehicles/SportsCar/Materials/Functions/ML_BaseColorFallOff.uasset" 744
"D:/AllpIntern/UnrealProject/F1/Content/Vehicles/SportsCar/Materials/Functions/ML_BaseColorFallOff.uexp" 745
"D:/AllpIntern/UnrealProject/F1/Content/Vehicles/SportsCar/Materials/Textures/T_SportsCar_Lights_M.ubulk" 746
"D:/AllpIntern/UnrealProject/F1/Content/Vehicles/SportsCar/Materials/Textures/T_SportsCar_Lights_M.uasset" 747
"D:/AllpIntern/UnrealProject/F1/Content/Vehicles/SportsCar/Materials/Textures/T_SportsCar_Lights_M.uexp" 748
"D:/AllpIntern/UnrealProject/F1/Content/Vehicles/SportsCar/Materials/Textures/T_SportsCar_Body_ASAOP_M.ubulk" 749
"D:/AllpIntern/UnrealProject/F1/Content/Vehicles/SportsCar/Materials/Textures/T_SportsCar_Body_ASAOP_M.uasset" 750
"D:/AllpIntern/UnrealProject/F1/Content/Vehicles/SportsCar/Materials/Textures/T_SportsCar_Body_ASAOP_M.uexp" 751
"D:/AllpIntern/UnrealProject/F1/Content/Vehicles/SportsCar/Materials/M_SportsCar.uasset" 752
"D:/AllpIntern/UnrealProject/F1/Content/Vehicles/SportsCar/Materials/M_SportsCar.uexp" 753
"D:/AllpIntern/UnrealProject/F1/Content/Vehicles/SportsCar/Materials/MI_SportsCar_Body.uasset" 754
"D:/AllpIntern/UnrealProject/F1/Content/Vehicles/SportsCar/Materials/MI_SportsCar_Body.uexp" 755
"D:/AllpIntern/UnrealProject/F1/Content/Vehicles/SportsCar/Materials/Textures/T_SportsCar_Chassis_MSR_M.ubulk" 756
"D:/AllpIntern/UnrealProject/F1/Content/Vehicles/SportsCar/Materials/Textures/T_SportsCar_Chassis_MSR_M.uasset" 757
"D:/AllpIntern/UnrealProject/F1/Content/Vehicles/SportsCar/Materials/Textures/T_SportsCar_Chassis_MSR_M.uexp" 758
"D:/AllpIntern/UnrealProject/F1/Content/Vehicles/SportsCar/Materials/Textures/T_SportsCar_Chassis_CCRCCPlastic_M.ubulk" 759
"D:/AllpIntern/UnrealProject/F1/Content/Vehicles/SportsCar/Materials/Textures/T_SportsCar_Chassis_CCRCCPlastic_M.uasset" 760
"D:/AllpIntern/UnrealProject/F1/Content/Vehicles/SportsCar/Materials/Textures/T_SportsCar_Chassis_CCRCCPlastic_M.uexp" 761
"D:/AllpIntern/UnrealProject/F1/Content/Vehicles/SportsCar/Materials/Textures/T_SportsCar_Chassis_ASAOP_M.ubulk" 762
"D:/AllpIntern/UnrealProject/F1/Content/Vehicles/SportsCar/Materials/Textures/T_SportsCar_Chassis_ASAOP_M.uasset" 763
"D:/AllpIntern/UnrealProject/F1/Content/Vehicles/SportsCar/Materials/Textures/T_SportsCar_Chassis_ASAOP_M.uexp" 764
"D:/AllpIntern/UnrealProject/F1/Content/Vehicles/SportsCar/Materials/Textures/T_SportsCar_Chassis_BC.ubulk" 765
"D:/AllpIntern/UnrealProject/F1/Content/Vehicles/SportsCar/Materials/Textures/T_SportsCar_Chassis_BC.uasset" 766
"D:/AllpIntern/UnrealProject/F1/Content/Vehicles/SportsCar/Materials/Textures/T_SportsCar_Chassis_BC.uexp" 767
"D:/AllpIntern/UnrealProject/F1/Content/Vehicles/SportsCar/Materials/Textures/T_SportsCar_Chassis_BotN.ubulk" 768
"D:/AllpIntern/UnrealProject/F1/Content/Vehicles/SportsCar/Materials/Textures/T_SportsCar_Chassis_BotN.uasset" 769
"D:/AllpIntern/UnrealProject/F1/Content/Vehicles/SportsCar/Materials/Textures/T_SportsCar_Chassis_BotN.uexp" 770
"D:/AllpIntern/UnrealProject/F1/Content/Vehicles/SportsCar/Materials/MI_SportsCar_Chassis.uasset" 771
"D:/AllpIntern/UnrealProject/F1/Content/Vehicles/SportsCar/Materials/MI_SportsCar_Chassis.uexp" 772
"D:/AllpIntern/UnrealProject/F1/Content/Vehicles/SportsCar/SKM_SportsCar.uasset" 773
"D:/AllpIntern/UnrealProject/F1/Content/Vehicles/SportsCar/SKM_SportsCar.uexp" 774
"D:/AllpIntern/UnrealProject/F1/Content/LapSystem/WB_LapCounterUI.uasset" 775
"D:/AllpIntern/UnrealProject/F1/Content/LapSystem/WB_LapCounterUI.uexp" 776
"D:/AllpIntern/UnrealProject/F1/Content/VehicleTemplate/Blueprints/SportsCar/SportsCar_TorqueCurve.uasset" 777
"D:/AllpIntern/UnrealProject/F1/Content/VehicleTemplate/Blueprints/SportsCar/SportsCar_TorqueCurve.uexp" 778
"D:/AllpIntern/UnrealProject/F1/Content/VehicleTemplate/Input/Actions/IA_LookAround.uasset" 779
"D:/AllpIntern/UnrealProject/F1/Content/VehicleTemplate/Input/Actions/IA_LookAround.uexp" 780
"D:/AllpIntern/UnrealProject/F1/Content/VehicleTemplate/Input/Actions/IA_Reset.uasset" 781
"D:/AllpIntern/UnrealProject/F1/Content/VehicleTemplate/Input/Actions/IA_Reset.uexp" 782
"D:/AllpIntern/UnrealProject/F1/Content/VehicleTemplate/Blueprints/SportsCar/SportsCar_WheelsFront.uasset" 783
"D:/AllpIntern/UnrealProject/F1/Content/VehicleTemplate/Blueprints/SportsCar/SportsCar_WheelsFront.uexp" 784
"D:/AllpIntern/UnrealProject/F1/Content/VehicleTemplate/Input/Actions/IA_Steering.uasset" 785
"D:/AllpIntern/UnrealProject/F1/Content/VehicleTemplate/Input/Actions/IA_Steering.uexp" 786
"D:/AllpIntern/UnrealProject/F1/Content/LapSystem/WB_RaceTime.uasset" 787
"D:/AllpIntern/UnrealProject/F1/Content/LapSystem/WB_RaceTime.uexp" 788
"D:/AllpIntern/UnrealProject/F1/Content/PNG/Accelerate.uasset" 789
"D:/AllpIntern/UnrealProject/F1/Content/PNG/Accelerate.uexp" 790
"D:/AllpIntern/UnrealProject/F1/Content/PNG/Brake.uasset" 791
"D:/AllpIntern/UnrealProject/F1/Content/PNG/Brake.uexp" 792
"D:/AllpIntern/UnrealProject/F1/Content/BP_Control.uasset" 793
"D:/AllpIntern/UnrealProject/F1/Content/BP_Control.uexp" 794
"D:/AllpIntern/UnrealProject/F1/Content/VehicleTemplate/Blueprints/SportsCar/SportsCar_WheelsRear.uasset" 795
"D:/AllpIntern/UnrealProject/F1/Content/VehicleTemplate/Blueprints/SportsCar/SportsCar_WheelsRear.uexp" 796
"../../../Engine/Content/EditorBlueprintResources/StandardMacros.uasset" 797
"../../../Engine/Content/EditorBlueprintResources/StandardMacros.uexp" 798
"D:/AllpIntern/UnrealProject/F1/Content/VehicleTemplate/Blueprints/SportsCar/SportsCar_Pawn.uasset" 799
"D:/AllpIntern/UnrealProject/F1/Content/VehicleTemplate/Blueprints/SportsCar/SportsCar_Pawn.uexp" 800
"D:/AllpIntern/UnrealProject/F1/Content/LapSystem/Checkpoint2.uasset" 801
"D:/AllpIntern/UnrealProject/F1/Content/LapSystem/Checkpoint2.uexp" 802
"D:/AllpIntern/UnrealProject/F1/Content/LapSystem/Checkpoint1.uasset" 803
"D:/AllpIntern/UnrealProject/F1/Content/LapSystem/Checkpoint1.uexp" 804
"D:/AllpIntern/UnrealProject/F1/Content/LapSystem/BP_StartFinish.uasset" 805
"D:/AllpIntern/UnrealProject/F1/Content/LapSystem/BP_StartFinish.uexp" 806
"D:/AllpIntern/UnrealProject/F1/Content/LevelPrototyping/Materials/M_Solid.uasset" 807
"D:/AllpIntern/UnrealProject/F1/Content/LevelPrototyping/Materials/M_Solid.uexp" 808
"D:/AllpIntern/UnrealProject/F1/Content/LevelPrototyping/Materials/MI_Solid_Blue.uasset" 809
"D:/AllpIntern/UnrealProject/F1/Content/LevelPrototyping/Materials/MI_Solid_Blue.uexp" 810
"D:/AllpIntern/UnrealProject/F1/Content/LevelPrototyping/Textures/T_GridChecker_A.ubulk" 811
"D:/AllpIntern/UnrealProject/F1/Content/LevelPrototyping/Textures/T_GridChecker_A.uasset" 812
"D:/AllpIntern/UnrealProject/F1/Content/LevelPrototyping/Textures/T_GridChecker_A.uexp" 813
"../../../Engine/Content/Functions/Engine_MaterialFunctions01/Gradient/LinearGradient.uasset" 814
"../../../Engine/Content/Functions/Engine_MaterialFunctions01/Gradient/LinearGradient.uexp" 815
"../../../Engine/Content/Functions/Engine_MaterialFunctions01/ImageAdjustment/CheapContrast.uasset" 816
"../../../Engine/Content/Functions/Engine_MaterialFunctions01/ImageAdjustment/CheapContrast.uexp" 817
"D:/AllpIntern/UnrealProject/F1/Content/LevelPrototyping/Materials/MF_ProcGrid.uasset" 818
"D:/AllpIntern/UnrealProject/F1/Content/LevelPrototyping/Materials/MF_ProcGrid.uexp" 819
"D:/AllpIntern/UnrealProject/F1/Content/LevelPrototyping/Materials/M_PrototypeGrid.uasset" 820
"D:/AllpIntern/UnrealProject/F1/Content/LevelPrototyping/Materials/M_PrototypeGrid.uexp" 821
"D:/AllpIntern/UnrealProject/F1/Content/LevelPrototyping/Materials/MI_PrototypeGrid_TopDark.uasset" 822
"D:/AllpIntern/UnrealProject/F1/Content/LevelPrototyping/Materials/MI_PrototypeGrid_TopDark.uexp" 823
"D:/AllpIntern/UnrealProject/F1/Content/LevelPrototyping/Materials/MI_PrototypeGrid_Gray_02.uasset" 824
"D:/AllpIntern/UnrealProject/F1/Content/LevelPrototyping/Materials/MI_PrototypeGrid_Gray_02.uexp" 825
"D:/AllpIntern/UnrealProject/F1/Content/LevelPrototyping/Materials/MI_PrototypeGrid_Gray.uasset" 826
"D:/AllpIntern/UnrealProject/F1/Content/LevelPrototyping/Materials/MI_PrototypeGrid_Gray.uexp" 827
"D:/AllpIntern/UnrealProject/F1/Content/LevelPrototyping/Meshes/SM_Ramp.uasset" 828
"D:/AllpIntern/UnrealProject/F1/Content/LevelPrototyping/Meshes/SM_Ramp.uexp" 829
"D:/AllpIntern/UnrealProject/F1/Content/LevelPrototyping/Meshes/SM_Cylinder.uasset" 830
"D:/AllpIntern/UnrealProject/F1/Content/LevelPrototyping/Meshes/SM_Cylinder.uexp" 831
"D:/AllpIntern/UnrealProject/F1/Content/LevelPrototyping/Meshes/SM_Cube.uasset" 832
"D:/AllpIntern/UnrealProject/F1/Content/LevelPrototyping/Meshes/SM_Cube.uexp" 833
"D:/AllpIntern/UnrealProject/F1/Content/Vehicles/PhysicsMaterials/NonSlippery.uasset" 834
"D:/AllpIntern/UnrealProject/F1/Content/Vehicles/PhysicsMaterials/NonSlippery.uexp" 835
"D:/AllpIntern/UnrealProject/F1/Content/Track/M_Track.uasset" 836
"D:/AllpIntern/UnrealProject/F1/Content/Track/M_Track.uexp" 837
"D:/AllpIntern/UnrealProject/F1/Content/Track/MI_TrackEdge.uasset" 838
"D:/AllpIntern/UnrealProject/F1/Content/Track/MI_TrackEdge.uexp" 839
"D:/AllpIntern/UnrealProject/F1/Content/Track/SM_Track_10M.uasset" 840
"D:/AllpIntern/UnrealProject/F1/Content/Track/SM_Track_10M.uexp" 841
"D:/AllpIntern/UnrealProject/F1/Content/Vehicles/PhysicsMaterials/Slippery.uasset" 842
"D:/AllpIntern/UnrealProject/F1/Content/Vehicles/PhysicsMaterials/Slippery.uexp" 843
"../../../Engine/Content/Maps/Entry_BuiltData.uasset" 844
"../../../Engine/Content/Maps/Entry_BuiltData.uexp" 845
"../../../Engine/Content/Maps/Entry.uexp" 846
"../../../Engine/Content/Maps/Entry.umap" 847
"../../../Engine/Content/Maps/Templates/HLODs/HLODLayer_Instanced.uasset" 848
"../../../Engine/Content/Maps/Templates/HLODs/HLODLayer_Instanced.uexp" 849
"D:/AllpIntern/UnrealProject/F1/Content/VehicleTemplate/Blueprints/VehicleUI.uasset" 850
"D:/AllpIntern/UnrealProject/F1/Content/VehicleTemplate/Blueprints/VehicleUI.uexp" 851
"D:/AllpIntern/UnrealProject/F1/Content/VehicleTemplate/Input/IMC_Default.uasset" 852
"D:/AllpIntern/UnrealProject/F1/Content/VehicleTemplate/Input/IMC_Default.uexp" 853
"D:/AllpIntern/UnrealProject/F1/Content/VehicleTemplate/Blueprints/VehiclePlayerController.uasset" 854
"D:/AllpIntern/UnrealProject/F1/Content/VehicleTemplate/Blueprints/VehiclePlayerController.uexp" 855
"D:/AllpIntern/UnrealProject/F1/Content/VehicleTemplate/Blueprints/VehicleAdvGameMode.uasset" 856
"D:/AllpIntern/UnrealProject/F1/Content/VehicleTemplate/Blueprints/VehicleAdvGameMode.uexp" 857
"D:/AllpIntern/UnrealProject/F1/Content/VehicleTemplate/Maps/VehicleExampleMap.uexp" 858
"D:/AllpIntern/UnrealProject/F1/Content/VehicleTemplate/Maps/VehicleExampleMap.umap" 859
